<?xml version="1.0" encoding="UTF-8"?>
<!-- Generated by org.testng.reporters.JUnitReportReporter -->
<testsuite hostname="Gopi" failures="0" tests="1" name="com.first.Base" time="8.727" errors="0" timestamp="2022-05-18T18:29:31 IST" skipped="0">
  <testcase classname="com.first.Base" name="LoginApplication" time="8.727"/>
  <system-out/>
</testsuite> <!-- com.first.Base -->
